<?xml version="1.0" encoding="UTF-8"?>
<!-- Generated by org.testng.reporters.JUnitReportReporter -->
<testsuite hostname="DESKTOP-BTLKNVR" failures="0" tests="1" name="jenkinsSample.sampleTest" time="0.010" errors="0" timestamp="2022-12-06T11:13:39 IST" skipped="0">
  <testcase classname="jenkinsSample.sampleTest" name="tets" time="0.010"/>
  <system-out/>
</testsuite> <!-- jenkinsSample.sampleTest -->
